RUN	mightycampers.BookChecking	bookchecking	1660234875562	10	3.8.3
USER	BookChecking	START	1660234877240
USER	BookChecking	START	1660234878172
REQUEST		getBookingResultPage	1660234877203	1660234878564	OK	 
REQUEST		request_11	1660234878710	1660234878975	OK	 
REQUEST		request_4	1660234878714	1660234879046	OK	 
REQUEST		request_7	1660234878723	1660234879063	OK	 
REQUEST		request_12	1660234878739	1660234879084	OK	 
REQUEST		request_6	1660234878722	1660234879088	OK	 
REQUEST		request_10	1660234878723	1660234879125	OK	 
REQUEST		getBookingResultPage	1660234878166	1660234879159	OK	 
USER	BookChecking	START	1660234879171
REQUEST		request_4 Redirect 1	1660234879056	1660234879176	OK	 
REQUEST		request_5	1660234878729	1660234879205	OK	 
REQUEST		request_1	1660234878705	1660234879254	OK	 
REQUEST		request_5	1660234879181	1660234879280	OK	 
REQUEST		request_20	1660234878697	1660234879385	OK	 
REQUEST		request_11	1660234879175	1660234879431	OK	 
REQUEST		request_6	1660234879177	1660234879472	OK	 
REQUEST		request_4	1660234879176	1660234879474	OK	 
REQUEST		request_12	1660234879183	1660234879480	OK	 
REQUEST		getVehiclesBuild	1660234878731	1660234879503	OK	 
REQUEST		request_7	1660234879178	1660234879511	OK	 
REQUEST		getExtras	1660234878738	1660234879544	OK	 
REQUEST		request_16	1660234878700	1660234879546	OK	 
REQUEST		request_10	1660234879179	1660234879546	OK	 
REQUEST		request_4 Redirect 1	1660234879478	1660234879591	OK	 
REQUEST		getBookingResultPage	1660234879170	1660234879666	OK	 
REQUEST		request_1	1660234879174	1660234879690	OK	 
REQUEST		request_17	1660234879168	1660234879750	OK	 
REQUEST		request_19	1660234879170	1660234879766	OK	 
REQUEST		getLocations	1660234878728	1660234879770	OK	 
REQUEST		request_5	1660234879688	1660234879774	OK	 
REQUEST		request_17	1660234878688	1660234879804	OK	 
REQUEST		request_19	1660234878696	1660234879864	OK	 
REQUEST		request_16	1660234879173	1660234879908	OK	 
REQUEST		getExtras	1660234879182	1660234879915	OK	 
REQUEST		request_11	1660234879682	1660234879925	OK	 
REQUEST		getVehiclesBuild	1660234879181	1660234879926	OK	 
REQUEST		getLocations	1660234879179	1660234879943	OK	 
REQUEST		request_23	1660234879386	1660234879945	OK	 
REQUEST		request_23	1660234879750	1660234879945	OK	 
REQUEST		request_7	1660234879684	1660234879982	OK	 
REQUEST		request_12	1660234879691	1660234879987	OK	 
REQUEST		request_4	1660234879682	1660234879996	OK	 
REQUEST		request_2	1660234879166	1660234879998	OK	 
REQUEST		request_6	1660234879683	1660234880003	OK	 
REQUEST		request_21	1660234879172	1660234880013	OK	 
REQUEST		request_21	1660234879678	1660234880014	OK	 
REQUEST		request_21	1660234878698	1660234880042	OK	 
REQUEST		request_10	1660234879685	1660234880053	OK	 
REQUEST		request_20	1660234879677	1660234880064	OK	 
REQUEST		request_22	1660234879172	1660234880073	OK	 
REQUEST		request_19	1660234879677	1660234880093	OK	 
REQUEST		request_4 Redirect 1	1660234879997	1660234880110	OK	 
REQUEST		request_22	1660234878699	1660234880122	OK	 
REQUEST		request_22	1660234879679	1660234880122	OK	 
REQUEST		request_17	1660234879675	1660234880152	OK	 
REQUEST		request_1	1660234879681	1660234880154	OK	 
USER	BookChecking	START	1660234880171
REQUEST		request_23	1660234880015	1660234880198	OK	 
REQUEST		request_24	1660234879767	1660234880205	OK	 
REQUEST		request_24	1660234879805	1660234880243	OK	 
REQUEST		request_24	1660234880065	1660234880254	OK	 
REQUEST		marketo2	1660234878680	1660234880257	OK	 
REQUEST		request_25	1660234880094	1660234880314	OK	 
REQUEST		request_25	1660234879865	1660234880354	OK	 
REQUEST		request_16	1660234879680	1660234880397	OK	 
REQUEST		getExtras	1660234879690	1660234880409	OK	 
REQUEST		request_2	1660234878682	1660234880428	OK	 
REQUEST		getLocations	1660234879686	1660234880442	OK	 
REQUEST		request_2	1660234879674	1660234880507	OK	 
REQUEST		request_18	1660234879169	1660234880549	OK	 
REQUEST		request_20	1660234879171	1660234880552	OK	 
REQUEST		request_18	1660234878695	1660234880582	OK	 
REQUEST		getVehiclesBuild	1660234879689	1660234880603	OK	 
REQUEST		request_18	1660234879676	1660234880612	OK	 
REQUEST		request_25	1660234879947	1660234880651	OK	 
REQUEST		request_30	1660234880315	1660234880710	OK	 
REQUEST		request_30	1660234880553	1660234880785	OK	 
REQUEST		request_29	1660234880551	1660234880786	OK	 
REQUEST		marketo1	1660234879165	1660234880792	OK	 
REQUEST		marketo1	1660234879672	1660234880820	OK	 
REQUEST		request_26	1660234880123	1660234880821	OK	 
REQUEST		request_29	1660234880244	1660234880842	OK	 
REQUEST		request_26	1660234880014	1660234880848	OK	 
REQUEST		request_26	1660234879946	1660234880864	OK	 
REQUEST		request_30	1660234880356	1660234880965	OK	 
REQUEST		request_28	1660234880206	1660234880969	OK	 
REQUEST		request_27	1660234880043	1660234880982	OK	 
REQUEST		request_27	1660234880074	1660234880990	OK	 
REQUEST		request_31	1660234880653	1660234881007	OK	 
REQUEST		request_31	1660234880613	1660234881035	OK	 
REQUEST		request_28	1660234880199	1660234881056	OK	 
REQUEST		request_27	1660234880153	1660234881067	OK	 
REQUEST		marketo2	1660234879166	1660234881068	OK	 
REQUEST		request_29	1660234880255	1660234881096	OK	 
REQUEST		request_31	1660234880583	1660234881112	OK	 
REQUEST		getBookingResultPage	1660234880170	1660234881129	OK	 
USER	BookChecking	START	1660234881167
REQUEST		request_28	1660234880123	1660234881181	OK	 
REQUEST		request_5	1660234881147	1660234881243	OK	 
REQUEST		request_11	1660234881143	1660234881391	OK	 
REQUEST		request_6	1660234881144	1660234881438	OK	 
REQUEST		request_7	1660234881145	1660234881444	OK	 
REQUEST		request_12	1660234881150	1660234881446	OK	 
REQUEST		request_4	1660234881143	1660234881456	OK	 
REQUEST		marketo1	1660234878675	1660234881475	OK	 
REQUEST		request_10	1660234881145	1660234881507	OK	 
REQUEST		request_22	1660234881140	1660234881516	OK	 
REQUEST		request_18	1660234881138	1660234881550	OK	 
REQUEST		request_4 Redirect 1	1660234881456	1660234881571	OK	 
REQUEST		request_1	1660234881142	1660234881626	OK	 
REQUEST		request_23	1660234881516	1660234881709	OK	 
REQUEST		getBookingResultPage	1660234881166	1660234881739	OK	 
REQUEST		request_24	1660234881551	1660234881742	OK	 
REQUEST		request_21	1660234881140	1660234881818	OK	 
REQUEST		request_5	1660234881753	1660234881838	OK	 
REQUEST		getVehiclesBuild	1660234881148	1660234881859	OK	 
REQUEST		request_2	1660234881136	1660234881907	OK	 
REQUEST		request_25	1660234881710	1660234881910	OK	 
REQUEST		getFullBookingRequest	1660234878729	1660234881934	OK	 
REQUEST		getExtras	1660234881149	1660234881935	OK	 
REQUEST		request_17	1660234881137	1660234881945	OK	 
REQUEST		request_26	1660234881743	1660234881954	OK	 
REQUEST		request_16	1660234881141	1660234881956	OK	 
REQUEST		request_11	1660234881749	1660234881984	OK	 
REQUEST		request_27	1660234881818	1660234882027	OK	 
REQUEST		request_4	1660234881749	1660234882038	OK	 
REQUEST		request_12	1660234881755	1660234882048	OK	 
REQUEST		marketo1	1660234881133	1660234882053	OK	 
REQUEST		request_7	1660234881751	1660234882067	OK	 
REQUEST		request_6	1660234881750	1660234882071	OK	 
REQUEST		request_22	1660234881747	1660234882093	OK	 
REQUEST		request_28	1660234881911	1660234882111	OK	 
REQUEST		request_10	1660234881751	1660234882112	OK	 
REQUEST		request_21	1660234881747	1660234882130	OK	 
REQUEST		request_4 Redirect 1	1660234882038	1660234882149	OK	 
REQUEST		request_30	1660234881955	1660234882155	OK	 
USER	BookChecking	START	1660234882159
REQUEST		request_18	1660234881745	1660234882202	OK	 
REQUEST		marketo2	1660234881136	1660234882221	OK	 
REQUEST		request_1	1660234881748	1660234882250	OK	 
REQUEST		request_20	1660234881746	1660234882330	OK	 
REQUEST		request_29	1660234881946	1660234882341	OK	 
REQUEST		request_25	1660234882203	1660234882372	OK	 
REQUEST		request_31	1660234882027	1660234882378	OK	 
REQUEST		getLocations	1660234881752	1660234882475	OK	 
REQUEST		request_20	1660234881139	1660234882508	OK	 
REQUEST		request_19	1660234881746	1660234882554	OK	 
REQUEST		request_2	1660234881744	1660234882571	OK	 
REQUEST		getVehiclesBuild	1660234881754	1660234882589	OK	 
REQUEST		request_24	1660234882131	1660234882619	OK	 
REQUEST		request_16	1660234881748	1660234882622	OK	 
REQUEST		getFullBookingRequest	1660234879180	1660234882637	OK	 
REQUEST		getExtras	1660234881755	1660234882671	OK	 
REQUEST		request_27	1660234882373	1660234882681	OK	 
REQUEST		request_23	1660234882094	1660234882700	OK	 
REQUEST		request_19	1660234881139	1660234882722	OK	 
REQUEST		request_28	1660234882555	1660234882784	OK	 
REQUEST		getLocations	1660234881146	1660234882804	OK	 
REQUEST		request_26	1660234882331	1660234882828	OK	 
REQUEST		request_29	1660234882620	1660234882894	OK	 
REQUEST		request_31	1660234882701	1660234882933	OK	 
REQUEST		request_30	1660234882681	1660234882934	OK	 
USER	BookChecking	START	1660234883159
REQUEST		getBookingResultPage	1660234882158	1660234883206	OK	 
REQUEST		request_5	1660234883216	1660234883388	OK	 
REQUEST		request_11	1660234883213	1660234883480	OK	 
REQUEST		request_17	1660234883210	1660234883502	OK	 
REQUEST		request_7	1660234883214	1660234883520	OK	 
REQUEST		request_6	1660234883214	1660234883523	OK	 
REQUEST		request_4	1660234883213	1660234883537	OK	 
REQUEST		request_12	1660234883218	1660234883539	OK	 
REQUEST		request_20	1660234883211	1660234883563	OK	 
REQUEST		request_10	1660234883215	1660234883610	OK	 
REQUEST		request_4 Redirect 1	1660234883537	1660234883653	OK	 
REQUEST		request_23	1660234883502	1660234883692	OK	 
REQUEST		request_1	1660234883213	1660234883698	OK	 
REQUEST		request_17	1660234881744	1660234883703	OK	 
REQUEST		request_22	1660234883212	1660234883704	OK	 
REQUEST		request_24	1660234883564	1660234883719	OK	 
REQUEST		marketo2	1660234881743	1660234883791	OK	 
REQUEST		getFullBookingRequest	1660234881752	1660234883858	OK	 
REQUEST		request_18	1660234883210	1660234883877	OK	 
REQUEST		request_25	1660234883693	1660234883949	OK	 
REQUEST		request_27	1660234883720	1660234883952	OK	 
REQUEST		getLocations	1660234883215	1660234883988	OK	 
REQUEST		request_2	1660234883210	1660234884025	OK	 
REQUEST		request_21	1660234883211	1660234884051	OK	 
REQUEST		getVehiclesBuild	1660234883217	1660234884087	OK	 
REQUEST		getExtras	1660234883217	1660234884090	OK	 
REQUEST		request_16	1660234883212	1660234884092	OK	 
USER	BookChecking	START	1660234884156
REQUEST		request_31	1660234884052	1660234884229	OK	 
REQUEST		request_30	1660234883954	1660234884266	OK	 
REQUEST		request_26	1660234883705	1660234884272	OK	 
REQUEST		request_28	1660234883877	1660234884337	OK	 
REQUEST		getBookingResultPage	1660234883158	1660234884337	OK	 
REQUEST		marketo1	1660234881742	1660234884386	OK	 
REQUEST		marketo1	1660234883209	1660234884397	OK	 
REQUEST		request_29	1660234883950	1660234884419	OK	 
REQUEST		request_5	1660234884363	1660234884458	OK	 
REQUEST		request_19	1660234883211	1660234884589	OK	 
REQUEST		request_11	1660234884354	1660234884595	OK	 
REQUEST		request_12	1660234884367	1660234884658	OK	 
REQUEST		request_4	1660234884355	1660234884676	OK	 
REQUEST		request_7	1660234884357	1660234884681	OK	 
REQUEST		request_6	1660234884356	1660234884687	OK	 
REQUEST		request_20	1660234884349	1660234884717	OK	 
REQUEST		request_10	1660234884359	1660234884766	OK	 
REQUEST		request_19	1660234884348	1660234884770	OK	 
REQUEST		request_4 Redirect 1	1660234884677	1660234884797	OK	 
REQUEST		request_23	1660234884717	1660234884827	OK	 
REQUEST		request_1	1660234884353	1660234884853	OK	 
REQUEST		getFullBookingRequest	1660234881147	1660234884864	OK	 
REQUEST		request_25	1660234884828	1660234884941	OK	 
REQUEST		request_24	1660234884771	1660234884946	OK	 
REQUEST		request_17	1660234884346	1660234884980	OK	 
REQUEST		getVehiclesBuild	1660234884364	1660234885084	OK	 
REQUEST		getExtras	1660234884365	1660234885099	OK	 
REQUEST		request_18	1660234884348	1660234885112	OK	 
REQUEST		request_26	1660234884942	1660234885120	OK	 
REQUEST		getLocations	1660234884360	1660234885123	OK	 
USER	BookChecking	START	1660234885166
REQUEST		request_16	1660234884352	1660234885197	OK	 
REQUEST		request_2	1660234884345	1660234885202	OK	 
REQUEST		request_28	1660234884980	1660234885211	OK	 
REQUEST		request_27	1660234884946	1660234885216	OK	 
REQUEST		request_29	1660234885112	1660234885234	OK	 
REQUEST		request_22	1660234884351	1660234885242	OK	 
REQUEST		request_30	1660234885120	1660234885301	OK	 
REQUEST		request_31	1660234885213	1660234885312	OK	 
REQUEST		getBookingResultPage	1660234884156	1660234885498	OK	 
REQUEST		request_5	1660234885543	1660234885628	OK	 
REQUEST		getBookingResultPage	1660234885164	1660234885656	OK	 
REQUEST		request_21	1660234884350	1660234885730	OK	 
REQUEST		request_11	1660234885535	1660234885799	OK	 
REQUEST		request_22	1660234885527	1660234885821	OK	 
REQUEST		request_5	1660234885667	1660234885827	OK	 
REQUEST		request_4	1660234885537	1660234885833	OK	 
REQUEST		request_12	1660234885547	1660234885839	OK	 
REQUEST		marketo2	1660234883209	1660234885844	OK	 
REQUEST		request_17	1660234885522	1660234885855	OK	 
REQUEST		request_6	1660234885538	1660234885878	OK	 
REQUEST		request_7	1660234885539	1660234885879	OK	 
REQUEST		request_18	1660234885523	1660234885901	OK	 
REQUEST		request_11	1660234885663	1660234885912	OK	 
REQUEST		request_21	1660234885526	1660234885918	OK	 
REQUEST		request_10	1660234885540	1660234885921	OK	 
REQUEST		request_4 Redirect 1	1660234885834	1660234885945	OK	 
REQUEST		request_7	1660234885664	1660234885970	OK	 
REQUEST		request_4	1660234885664	1660234885974	OK	 
REQUEST		request_12	1660234885669	1660234885980	OK	 
REQUEST		request_19	1660234885661	1660234885989	OK	 
REQUEST		request_6	1660234885664	1660234885995	OK	 
REQUEST		request_20	1660234885525	1660234885997	OK	 
REQUEST		request_23	1660234885822	1660234886008	OK	 
REQUEST		request_25	1660234885901	1660234886009	OK	 
REQUEST		request_17	1660234885661	1660234886015	OK	 
REQUEST		request_10	1660234885665	1660234886039	OK	 
REQUEST		request_1	1660234885530	1660234886055	OK	 
REQUEST		request_18	1660234885661	1660234886058	OK	 
REQUEST		request_22	1660234885662	1660234886076	OK	 
REQUEST		request_4 Redirect 1	1660234885974	1660234886091	OK	 
REQUEST		request_23	1660234885990	1660234886092	OK	 
REQUEST		request_26	1660234885919	1660234886115	OK	 
USER	BookChecking	START	1660234886171
REQUEST		request_1	1660234885663	1660234886184	OK	 
REQUEST		request_24	1660234886016	1660234886194	OK	 
REQUEST		request_29	1660234886010	1660234886196	OK	 
REQUEST		request_19	1660234885524	1660234886214	OK	 
REQUEST		request_30	1660234886116	1660234886223	OK	 
REQUEST		request_25	1660234886058	1660234886228	OK	 
REQUEST		request_16	1660234885529	1660234886240	OK	 
REQUEST		request_28	1660234886009	1660234886254	OK	 
REQUEST		request_26	1660234886076	1660234886264	OK	 
REQUEST		getExtras	1660234885546	1660234886278	OK	 
REQUEST		marketo2	1660234884344	1660234886291	OK	 
REQUEST		getFullBookingRequest	1660234879687	1660234886311	OK	 
REQUEST		request_29	1660234886229	1660234886337	OK	 
REQUEST		request_27	1660234886092	1660234886350	OK	 
REQUEST		request_27	1660234885998	1660234886359	OK	 
REQUEST		request_30	1660234886265	1660234886366	OK	 
REQUEST		request_31	1660234886196	1660234886379	OK	 
REQUEST		request_2	1660234885519	1660234886384	OK	 
REQUEST		request_28	1660234886194	1660234886389	OK	 
REQUEST		getLocations	1660234885541	1660234886390	OK	 
REQUEST		getFullBookingRequest	1660234883215	1660234886419	OK	 
REQUEST		request_2	1660234885660	1660234886440	OK	 
REQUEST		getLocations	1660234885666	1660234886442	OK	 
REQUEST		getVehiclesBuild	1660234885668	1660234886502	OK	 
REQUEST		request_31	1660234886337	1660234886508	OK	 
REQUEST		request_16	1660234885663	1660234886516	OK	 
REQUEST		getExtras	1660234885669	1660234886519	OK	 
REQUEST		marketo2	1660234879673	1660234886529	OK	 
REQUEST		request_21	1660234885662	1660234886553	OK	 
REQUEST		getBookingResultPage	1660234886170	1660234886662	OK	 
REQUEST		request_5	1660234886691	1660234886783	OK	 
REQUEST		getVehiclesBuild	1660234885544	1660234886899	OK	 
REQUEST		request_11	1660234886687	1660234886939	OK	 
REQUEST		getFullBookingRequest	1660234884361	1660234886978	OK	 
REQUEST		marketo1	1660234884343	1660234886987	OK	 
REQUEST		request_4	1660234886687	1660234886995	OK	 
REQUEST		request_6	1660234886688	1660234887005	OK	 
REQUEST		request_7	1660234886689	1660234887011	OK	 
REQUEST		request_12	1660234886694	1660234887026	OK	 
REQUEST		request_24	1660234885856	1660234887058	OK	 
REQUEST		request_10	1660234886689	1660234887059	OK	 
REQUEST		request_20	1660234885662	1660234887060	OK	 
REQUEST		request_22	1660234886683	1660234887066	OK	 
REQUEST		request_17	1660234886677	1660234887066	OK	 
REQUEST		request_4 Redirect 1	1660234886995	1660234887110	OK	 
REQUEST		request_1	1660234886686	1660234887157	OK	 
REQUEST		marketo1	1660234885513	1660234887217	OK	 
REQUEST		request_19	1660234886680	1660234887317	OK	 
REQUEST		request_24	1660234887067	1660234887343	OK	 
REQUEST		request_25	1660234887319	1660234887450	OK	 
REQUEST		request_2	1660234886676	1660234887475	OK	 
REQUEST		getLocations	1660234886690	1660234887479	OK	 
REQUEST		getVehiclesBuild	1660234886692	1660234887491	OK	 
REQUEST		request_18	1660234886679	1660234887496	OK	 
REQUEST		request_16	1660234886685	1660234887508	OK	 
REQUEST		request_23	1660234887066	1660234887557	OK	 
REQUEST		getExtras	1660234886693	1660234887562	OK	 
REQUEST		marketo1	1660234885659	1660234887595	OK	 
REQUEST		request_26	1660234887344	1660234887627	OK	 
REQUEST		request_27	1660234887451	1660234887669	OK	 
REQUEST		request_28	1660234887497	1660234887714	OK	 
REQUEST		request_29	1660234887557	1660234887831	OK	 
REQUEST		request_30	1660234887628	1660234887868	OK	 
REQUEST		request_31	1660234887669	1660234887968	OK	 
REQUEST		request_21	1660234886682	1660234888120	OK	 
REQUEST		request_20	1660234886681	1660234888171	OK	 
REQUEST		getFullBookingRequest	1660234885542	1660234888792	OK	 
REQUEST		getFullBookingRequest	1660234886691	1660234888813	OK	 
REQUEST		marketo1	1660234886672	1660234890879	OK	 
REQUEST		marketo2	1660234885659	1660234891226	OK	 
REQUEST		getFullBookingRequest	1660234885667	1660234892712	OK	 
REQUEST		marketo2	1660234886674	1660234893676	OK	 
REQUEST		getBookingDetails 0	1660234895003	1660234896059	OK	 
REQUEST		getBookingDetails 0	1660234895653	1660234896513	OK	 
REQUEST		getBookingDetails 0	1660234897396	1660234898246	OK	 
REQUEST		getBookingDetails 0	1660234897879	1660234898739	OK	 
REQUEST		getBookingDetails 0	1660234899425	1660234900291	OK	 
REQUEST		getBookingDetails 0	1660234899535	1660234900389	OK	 
REQUEST		getBookingDetails 0	1660234899997	1660234900851	OK	 
REQUEST		getBookingDetails 1	1660234901085	1660234902169	OK	 
REQUEST		getBookingDetails 1	1660234901521	1660234902382	OK	 
REQUEST		getBookingDetails 1	1660234903270	1660234904133	KO	status.find.is(200), but actually found 304
REQUEST		getBookingDetails 1	1660234903746	1660234904812	OK	 
REQUEST		getBookingDetails 1	1660234905316	1660234906176	KO	status.find.is(200), but actually found 304
REQUEST		getBookingDetails 1	1660234905405	1660234906514	OK	 
REQUEST		getBookingDetails 0	1660234905734	1660234906576	OK	 
REQUEST		getBookingDetails 1	1660234905874	1660234906716	OK	 
REQUEST		getBookingDetails 0	1660234906684	1660234907564	OK	 
REQUEST		getBookingDetails 2	1660234907190	1660234908044	KO	status.find.is(200), but actually found 304
REQUEST		getBookingDetails 2	1660234907398	1660234908731	KO	status.find.is(200), but actually found 304
REQUEST		getBookingDetails 2	1660234909160	1660234910005	OK	 
REQUEST		getBookingDetails 2	1660234909832	1660234910693	KO	status.find.is(200), but actually found 304
REQUEST		getBookingDetails 1	1660234911598	1660234912427	KO	status.find.is(200), but actually found 304
REQUEST		getBookingDetails 2	1660234911736	1660234912580	KO	status.find.is(200), but actually found 304
REQUEST		getBookingDetails 2	1660234911532	1660234913040	OK	 
USER	BookChecking	END	1660234913075
REQUEST		getBookingDetails 1	1660234912571	1660234913405	OK	 
USER	BookChecking	END	1660234913764
REQUEST		getBookingDetails 2	1660234911189	1660234914696	OK	 
USER	BookChecking	END	1660234915035
USER	BookChecking	END	1660234915701
USER	BookChecking	END	1660234917606
USER	BookChecking	END	1660234918066
REQUEST		getBookingDetails 2	1660234917430	1660234918275	KO	status.find.is(200), but actually found 304
REQUEST		getBookingDetails 2	1660234918422	1660234919270	KO	status.find.is(200), but actually found 304
USER	BookChecking	END	1660234919722
USER	BookChecking	END	1660234923303
USER	BookChecking	END	1660234924299
REQUEST		marketo2	1660234885515	1660234927606	OK	 
REQUEST		getBookingDetails 0	1660234940627	1660234941483	OK	 
REQUEST		getBookingDetails 1	1660234946501	1660234947346	OK	 
REQUEST		getBookingDetails 2	1660234952354	1660234953193	KO	status.find.is(200), but actually found 304
USER	BookChecking	END	1660234958209
