RUN	mightycampers.BookChecking	bookchecking	1660235250101	20	3.8.3
USER	BookChecking	START	1660235252453
USER	BookChecking	START	1660235252885
USER	BookChecking	START	1660235253388
USER	BookChecking	START	1660235253886
REQUEST		getBookingResultPage	1660235252421	1660235253967	OK	 
REQUEST		request_5	1660235254092	1660235254199	OK	 
REQUEST		getBookingResultPage	1660235253384	1660235254357	OK	 
REQUEST		request_21	1660235254070	1660235254385	OK	 
REQUEST		getBookingResultPage	1660235253883	1660235254394	OK	 
USER	BookChecking	START	1660235254412
REQUEST		request_6	1660235254087	1660235254399	OK	 
REQUEST		request_17	1660235254061	1660235254422	OK	 
REQUEST		request_7	1660235254088	1660235254437	OK	 
REQUEST		request_19	1660235254068	1660235254438	OK	 
REQUEST		request_12	1660235254100	1660235254442	OK	 
REQUEST		request_4	1660235254083	1660235254445	OK	 
REQUEST		request_11	1660235254079	1660235254463	OK	 
REQUEST		request_20	1660235254069	1660235254465	OK	 
REQUEST		request_10	1660235254089	1660235254479	OK	 
REQUEST		request_18	1660235254067	1660235254504	OK	 
REQUEST		request_5	1660235254417	1660235254511	OK	 
REQUEST		request_22	1660235254072	1660235254525	OK	 
REQUEST		request_24	1660235254423	1660235254529	OK	 
REQUEST		request_5	1660235254386	1660235254557	OK	 
REQUEST		request_4 Redirect 1	1660235254450	1660235254564	OK	 
REQUEST		request_1	1660235254077	1660235254596	OK	 
REQUEST		request_29	1660235254530	1660235254653	OK	 
REQUEST		request_26	1660235254465	1660235254659	OK	 
REQUEST		request_25	1660235254439	1660235254680	OK	 
REQUEST		request_4	1660235254380	1660235254681	OK	 
REQUEST		request_7	1660235254382	1660235254685	OK	 
REQUEST		request_19	1660235254406	1660235254686	OK	 
REQUEST		request_12	1660235254391	1660235254687	OK	 
REQUEST		request_27	1660235254505	1660235254691	OK	 
REQUEST		request_17	1660235254371	1660235254696	OK	 
REQUEST		request_6	1660235254381	1660235254700	OK	 
REQUEST		request_4	1660235254412	1660235254704	OK	 
REQUEST		request_12	1660235254420	1660235254717	OK	 
REQUEST		request_7	1660235254414	1660235254721	OK	 
REQUEST		request_20	1660235254374	1660235254725	OK	 
REQUEST		request_6	1660235254413	1660235254726	OK	 
REQUEST		request_17	1660235254404	1660235254749	OK	 
REQUEST		request_10	1660235254383	1660235254750	OK	 
REQUEST		request_20	1660235254407	1660235254758	OK	 
REQUEST		request_30	1660235254654	1660235254761	OK	 
REQUEST		request_11	1660235254380	1660235254765	OK	 
REQUEST		request_11	1660235254411	1660235254776	OK	 
REQUEST		request_4 Redirect 1	1660235254682	1660235254797	OK	 
REQUEST		request_10	1660235254415	1660235254807	OK	 
REQUEST		request_22	1660235254376	1660235254810	OK	 
REQUEST		request_4 Redirect 1	1660235254705	1660235254816	OK	 
REQUEST		request_18	1660235254405	1660235254832	OK	 
REQUEST		request_31	1660235254659	1660235254835	OK	 
REQUEST		request_23	1660235254686	1660235254842	OK	 
REQUEST		request_1	1660235254379	1660235254849	OK	 
REQUEST		getLocations	1660235254090	1660235254856	OK	 
USER	BookChecking	START	1660235254885
REQUEST		request_1	1660235254410	1660235254887	OK	 
REQUEST		getVehiclesBuild	1660235254093	1660235254901	OK	 
REQUEST		getExtras	1660235254097	1660235254903	OK	 
REQUEST		request_24	1660235254749	1660235254907	OK	 
REQUEST		request_16	1660235254073	1660235254918	OK	 
REQUEST		request_22	1660235254408	1660235254923	OK	 
REQUEST		request_2	1660235254053	1660235254924	OK	 
REQUEST		request_23	1660235254386	1660235254939	OK	 
REQUEST		request_24	1660235254726	1660235254946	OK	 
REQUEST		request_27	1660235254843	1660235254954	OK	 
REQUEST		request_25	1660235254811	1660235254991	OK	 
REQUEST		getBookingResultPage	1660235252880	1660235255006	OK	 
REQUEST		getBookingResultPage	1660235254410	1660235255008	OK	 
REQUEST		request_25	1660235254759	1660235255027	OK	 
REQUEST		request_18	1660235254372	1660235255028	OK	 
REQUEST		request_28	1660235254526	1660235255031	OK	 
REQUEST		request_28	1660235254908	1660235255073	OK	 
REQUEST		request_19	1660235254373	1660235255100	OK	 
REQUEST		request_27	1660235254991	1660235255115	OK	 
REQUEST		request_5	1660235255027	1660235255120	OK	 
REQUEST		request_26	1660235254833	1660235255121	OK	 
REQUEST		request_16	1660235254409	1660235255129	OK	 
REQUEST		request_21	1660235254407	1660235255134	OK	 
REQUEST		request_5	1660235255054	1660235255140	OK	 
REQUEST		request_30	1660235254954	1660235255171	OK	 
REQUEST		getVehiclesBuild	1660235254386	1660235255173	OK	 
REQUEST		request_26	1660235254947	1660235255177	OK	 
REQUEST		getVehiclesBuild	1660235254419	1660235255183	OK	 
REQUEST		request_31	1660235255028	1660235255207	OK	 
REQUEST		getExtras	1660235254390	1660235255212	OK	 
REQUEST		request_30	1660235255116	1660235255223	OK	 
REQUEST		getExtras	1660235254419	1660235255229	OK	 
REQUEST		request_29	1660235254924	1660235255230	OK	 
REQUEST		request_2	1660235254370	1660235255232	OK	 
REQUEST		getLocations	1660235254416	1660235255236	OK	 
REQUEST		request_16	1660235254378	1660235255241	OK	 
REQUEST		request_28	1660235255029	1660235255267	OK	 
REQUEST		request_2	1660235254403	1660235255279	OK	 
REQUEST		request_31	1660235255177	1660235255280	OK	 
REQUEST		request_19	1660235255042	1660235255326	OK	 
REQUEST		request_4	1660235255021	1660235255327	OK	 
REQUEST		request_22	1660235255044	1660235255328	OK	 
REQUEST		request_6	1660235255022	1660235255330	OK	 
REQUEST		request_12	1660235255031	1660235255338	OK	 
REQUEST		request_4	1660235255050	1660235255347	OK	 
REQUEST		request_7	1660235255051	1660235255349	OK	 
REQUEST		request_7	1660235255023	1660235255349	OK	 
REQUEST		request_12	1660235255056	1660235255354	OK	 
REQUEST		request_6	1660235255050	1660235255376	OK	 
USER	BookChecking	START	1660235255378
REQUEST		request_10	1660235255024	1660235255389	OK	 
REQUEST		request_11	1660235255020	1660235255396	OK	 
REQUEST		request_22	1660235255018	1660235255399	OK	 
REQUEST		getLocations	1660235254383	1660235255401	OK	 
REQUEST		request_11	1660235255046	1660235255403	OK	 
REQUEST		request_10	1660235255051	1660235255415	OK	 
REQUEST		request_24	1660235255328	1660235255428	OK	 
REQUEST		request_23	1660235254697	1660235255432	OK	 
REQUEST		request_20	1660235255016	1660235255438	OK	 
REQUEST		request_21	1660235255043	1660235255441	OK	 
REQUEST		request_4 Redirect 1	1660235255327	1660235255441	OK	 
REQUEST		request_4 Redirect 1	1660235255347	1660235255458	OK	 
REQUEST		request_18	1660235255015	1660235255494	OK	 
REQUEST		request_1	1660235255020	1660235255505	OK	 
REQUEST		request_1	1660235255045	1660235255548	OK	 
REQUEST		request_23	1660235255327	1660235255558	OK	 
REQUEST		request_29	1660235255101	1660235255560	OK	 
REQUEST		request_18	1660235255041	1660235255583	OK	 
REQUEST		request_23	1660235255400	1660235255668	OK	 
REQUEST		request_25	1660235255429	1660235255671	OK	 
REQUEST		request_21	1660235254375	1660235255671	OK	 
REQUEST		request_25	1660235255495	1660235255684	OK	 
REQUEST		request_28	1660235255584	1660235255701	OK	 
REQUEST		request_26	1660235255441	1660235255703	OK	 
REQUEST		request_16	1660235255019	1660235255750	OK	 
REQUEST		request_16	1660235255044	1660235255777	OK	 
REQUEST		request_26	1660235255668	1660235255783	OK	 
REQUEST		request_17	1660235255040	1660235255815	OK	 
REQUEST		request_31	1660235255704	1660235255819	OK	 
REQUEST		getLocations	1660235255025	1660235255825	OK	 
REQUEST		getExtras	1660235255055	1660235255834	OK	 
REQUEST		getLocations	1660235255053	1660235255844	OK	 
REQUEST		request_2	1660235255040	1660235255850	OK	 
REQUEST		request_29	1660235255671	1660235255861	OK	 
REQUEST		request_27	1660235255559	1660235255876	OK	 
USER	BookChecking	START	1660235255878
REQUEST		request_30	1660235255701	1660235255883	OK	 
REQUEST		request_2	1660235255013	1660235255885	OK	 
REQUEST		request_27	1660235255685	1660235255886	OK	 
REQUEST		request_28	1660235255783	1660235255901	OK	 
REQUEST		request_20	1660235255042	1660235255901	OK	 
REQUEST		getVehiclesBuild	1660235255028	1660235255902	OK	 
REQUEST		request_29	1660235255887	1660235256098	OK	 
REQUEST		request_30	1660235255901	1660235256132	OK	 
REQUEST		request_24	1660235255438	1660235256219	OK	 
REQUEST		getExtras	1660235255030	1660235256261	OK	 
REQUEST		getBookingResultPage	1660235255377	1660235256331	OK	 
REQUEST		request_31	1660235256099	1660235256349	OK	 
REQUEST		getVehiclesBuild	1660235255055	1660235256362	OK	 
USER	BookChecking	START	1660235256379
REQUEST		marketo1	1660235254366	1660235256385	OK	 
REQUEST		request_21	1660235255017	1660235256404	OK	 
REQUEST		request_5	1660235256373	1660235256458	OK	 
REQUEST		request_17	1660235255014	1660235256469	OK	 
REQUEST		request_17	1660235256353	1660235256653	OK	 
REQUEST		request_4	1660235256367	1660235256674	OK	 
REQUEST		request_12	1660235256376	1660235256676	OK	 
REQUEST		request_7	1660235256369	1660235256688	OK	 
REQUEST		request_6	1660235256368	1660235256706	OK	 
REQUEST		request_11	1660235256367	1660235256724	OK	 
REQUEST		request_18	1660235256355	1660235256738	OK	 
REQUEST		request_10	1660235256369	1660235256751	OK	 
REQUEST		request_22	1660235256363	1660235256766	OK	 
REQUEST		getBookingResultPage	1660235255877	1660235256778	OK	 
REQUEST		request_19	1660235256358	1660235256783	OK	 
REQUEST		request_4 Redirect 1	1660235256675	1660235256789	OK	 
REQUEST		request_20	1660235256360	1660235256804	OK	 
REQUEST		request_1	1660235256366	1660235256828	OK	 
REQUEST		request_23	1660235256654	1660235256837	OK	 
USER	BookChecking	START	1660235256873
REQUEST		request_5	1660235256796	1660235256894	OK	 
REQUEST		request_26	1660235256784	1660235256949	OK	 
REQUEST		request_25	1660235256767	1660235256969	OK	 
REQUEST		request_27	1660235256804	1660235256986	OK	 
REQUEST		marketo1	1660235255037	1660235257063	OK	 
REQUEST		request_30	1660235256970	1660235257081	OK	 
REQUEST		request_4	1660235256794	1660235257089	OK	 
REQUEST		request_16	1660235256365	1660235257094	OK	 
REQUEST		request_19	1660235256789	1660235257104	OK	 
REQUEST		request_17	1660235256787	1660235257112	OK	 
REQUEST		request_6	1660235256795	1660235257114	OK	 
REQUEST		request_7	1660235256795	1660235257116	OK	 
REQUEST		request_12	1660235256798	1660235257122	OK	 
REQUEST		request_11	1660235256794	1660235257142	OK	 
REQUEST		request_10	1660235256795	1660235257158	OK	 
REQUEST		request_31	1660235256987	1660235257170	OK	 
REQUEST		request_29	1660235256949	1660235257190	OK	 
REQUEST		request_4 Redirect 1	1660235257089	1660235257205	OK	 
REQUEST		request_2	1660235256347	1660235257206	OK	 
REQUEST		request_21	1660235256791	1660235257207	OK	 
REQUEST		request_23	1660235257105	1660235257227	OK	 
REQUEST		getExtras	1660235256375	1660235257237	OK	 
REQUEST		getBookingResultPage	1660235254882	1660235257264	OK	 
REQUEST		request_1	1660235256793	1660235257281	OK	 
REQUEST		getVehiclesBuild	1660235256374	1660235257304	OK	 
REQUEST		request_26	1660235257228	1660235257353	OK	 
REQUEST		getBookingResultPage	1660235256378	1660235257375	OK	 
REQUEST		request_5	1660235257280	1660235257383	OK	 
USER	BookChecking	START	1660235257385
REQUEST		request_24	1660235256740	1660235257391	OK	 
REQUEST		request_25	1660235257207	1660235257405	OK	 
REQUEST		request_19	1660235255015	1660235257412	OK	 
REQUEST		request_28	1660235256837	1660235257416	OK	 
REQUEST		request_5	1660235257392	1660235257477	OK	 
REQUEST		request_16	1660235256792	1660235257502	OK	 
REQUEST		getFullBookingRequest	1660235254091	1660235257531	OK	 
REQUEST		request_24	1660235257112	1660235257539	OK	 
REQUEST		request_2	1660235256786	1660235257549	OK	 
REQUEST		request_18	1660235256788	1660235257559	OK	 
REQUEST		request_27	1660235257353	1660235257572	OK	 
REQUEST		request_6	1660235257277	1660235257573	OK	 
REQUEST		request_12	1660235257282	1660235257575	OK	 
REQUEST		getLocations	1660235256796	1660235257582	OK	 
REQUEST		request_4	1660235257276	1660235257584	OK	 
REQUEST		request_7	1660235257277	1660235257599	OK	 
REQUEST		getVehiclesBuild	1660235256797	1660235257615	OK	 
REQUEST		request_22	1660235257274	1660235257633	OK	 
REQUEST		request_10	1660235257278	1660235257642	OK	 
REQUEST		request_11	1660235257276	1660235257670	OK	 
REQUEST		request_28	1660235257406	1660235257678	OK	 
REQUEST		request_21	1660235257273	1660235257681	OK	 
REQUEST		request_19	1660235257272	1660235257690	OK	 
REQUEST		request_17	1660235257381	1660235257691	OK	 
REQUEST		request_4	1660235257388	1660235257692	OK	 
REQUEST		request_4 Redirect 1	1660235257584	1660235257695	OK	 
REQUEST		request_12	1660235257394	1660235257698	OK	 
REQUEST		request_7	1660235257390	1660235257702	OK	 
REQUEST		getExtras	1660235256798	1660235257702	OK	 
REQUEST		request_6	1660235257389	1660235257719	OK	 
REQUEST		request_1	1660235257275	1660235257726	OK	 
REQUEST		request_20	1660235257383	1660235257745	OK	 
REQUEST		request_19	1660235257382	1660235257755	OK	 
REQUEST		request_10	1660235257390	1660235257771	OK	 
REQUEST		request_21	1660235256362	1660235257776	OK	 
REQUEST		request_11	1660235257386	1660235257779	OK	 
REQUEST		request_21	1660235257383	1660235257781	OK	 
REQUEST		request_24	1660235257681	1660235257799	OK	 
REQUEST		request_4 Redirect 1	1660235257693	1660235257803	OK	 
REQUEST		request_17	1660235257270	1660235257806	OK	 
REQUEST		request_18	1660235257271	1660235257813	OK	 
REQUEST		request_18	1660235257381	1660235257813	OK	 
REQUEST		request_22	1660235257384	1660235257824	OK	 
REQUEST		request_31	1660235257573	1660235257832	OK	 
REQUEST		request_30	1660235257560	1660235257833	OK	 
REQUEST		request_24	1660235257745	1660235257842	OK	 
REQUEST		marketo2	1660235254052	1660235257844	OK	 
REQUEST		request_1	1660235257385	1660235257860	OK	 
REQUEST		request_29	1660235257540	1660235257867	OK	 
REQUEST		request_25	1660235257755	1660235257867	OK	 
USER	BookChecking	START	1660235257875
REQUEST		getBookingResultPage	1660235256873	1660235257887	OK	 
REQUEST		request_25	1660235257690	1660235257899	OK	 
REQUEST		request_23	1660235257635	1660235257902	OK	 
REQUEST		request_23	1660235257692	1660235257922	OK	 
REQUEST		request_26	1660235257799	1660235257928	OK	 
REQUEST		request_16	1660235257274	1660235257958	OK	 
REQUEST		request_26	1660235257782	1660235257971	OK	 
REQUEST		request_5	1660235257897	1660235257993	OK	 
REQUEST		getLocations	1660235256370	1660235257994	OK	 
REQUEST		request_27	1660235257814	1660235258001	OK	 
REQUEST		getVehiclesBuild	1660235257280	1660235258017	OK	 
REQUEST		request_28	1660235257814	1660235258021	OK	 
REQUEST		request_28	1660235257824	1660235258022	OK	 
REQUEST		request_31	1660235257922	1660235258034	OK	 
REQUEST		request_30	1660235257868	1660235258041	OK	 
REQUEST		request_29	1660235257842	1660235258088	OK	 
REQUEST		request_30	1660235257902	1660235258092	OK	 
REQUEST		request_16	1660235257385	1660235258101	OK	 
REQUEST		request_27	1660235257806	1660235258109	OK	 
REQUEST		request_29	1660235257900	1660235258113	OK	 
REQUEST		request_2	1660235257269	1660235258143	OK	 
REQUEST		request_4	1660235257894	1660235258189	OK	 
REQUEST		request_12	1660235257898	1660235258189	OK	 
REQUEST		request_6	1660235257895	1660235258192	OK	 
REQUEST		getLocations	1660235257391	1660235258193	OK	 
REQUEST		getExtras	1660235257394	1660235258207	OK	 
REQUEST		request_7	1660235257895	1660235258219	OK	 
REQUEST		getFullBookingRequest	1660235254417	1660235258237	OK	 
REQUEST		request_11	1660235257894	1660235258264	OK	 
REQUEST		request_10	1660235257895	1660235258275	OK	 
REQUEST		getFullBookingRequest	1660235255026	1660235258277	OK	 
REQUEST		request_2	1660235257380	1660235258285	OK	 
REQUEST		getLocations	1660235257278	1660235258297	OK	 
REQUEST		getExtras	1660235257281	1660235258299	OK	 
REQUEST		request_4 Redirect 1	1660235258189	1660235258301	OK	 
REQUEST		getFullBookingRequest	1660235254385	1660235258332	OK	 
REQUEST		getVehiclesBuild	1660235257393	1660235258336	OK	 
REQUEST		request_20	1660235257892	1660235258338	OK	 
REQUEST		request_18	1660235257891	1660235258339	OK	 
USER	BookChecking	START	1660235258375
REQUEST		request_1	1660235257894	1660235258390	OK	 
REQUEST		request_22	1660235257893	1660235258390	OK	 
REQUEST		request_19	1660235257892	1660235258435	OK	 
REQUEST		getBookingResultPage	1660235257385	1660235258443	OK	 
REQUEST		request_20	1660235256790	1660235258443	OK	 
REQUEST		request_31	1660235257929	1660235258451	OK	 
REQUEST		request_25	1660235258391	1660235258518	OK	 
REQUEST		request_23	1660235258339	1660235258534	OK	 
REQUEST		getFullBookingRequest	1660235255053	1660235258545	OK	 
REQUEST		request_5	1660235258454	1660235258553	OK	 
REQUEST		request_20	1660235257273	1660235258567	OK	 
REQUEST		request_24	1660235258340	1660235258594	OK	 
REQUEST		request_16	1660235257893	1660235258607	OK	 
REQUEST		request_26	1660235258436	1660235258638	OK	 
REQUEST		marketo2	1660235257379	1660235258677	OK	 
REQUEST		getLocations	1660235257896	1660235258694	OK	 
REQUEST		request_27	1660235258518	1660235258744	OK	 
REQUEST		request_12	1660235258455	1660235258775	OK	 
REQUEST		request_7	1660235258452	1660235258788	OK	 
REQUEST		request_6	1660235258451	1660235258794	OK	 
REQUEST		request_4	1660235258451	1660235258795	OK	 
REQUEST		getExtras	1660235257898	1660235258795	OK	 
REQUEST		request_28	1660235258535	1660235258796	OK	 
REQUEST		marketo1	1660235254401	1660235258802	OK	 
REQUEST		request_21	1660235258448	1660235258808	OK	 
REQUEST		request_11	1660235258450	1660235258820	OK	 
REQUEST		request_10	1660235258452	1660235258822	OK	 
REQUEST		request_30	1660235258640	1660235258850	OK	 
REQUEST		request_31	1660235258745	1660235258863	OK	 
REQUEST		request_29	1660235258595	1660235258869	OK	 
USER	BookChecking	START	1660235258883
REQUEST		request_2	1660235257890	1660235258903	OK	 
REQUEST		request_23	1660235258809	1660235258913	OK	 
REQUEST		request_4 Redirect 1	1660235258796	1660235258920	OK	 
REQUEST		request_1	1660235258449	1660235258948	OK	 
REQUEST		request_19	1660235258447	1660235258983	OK	 
REQUEST		getFullBookingRequest	1660235256796	1660235259054	OK	 
REQUEST		request_20	1660235258448	1660235259089	OK	 
REQUEST		request_24	1660235258914	1660235259129	OK	 
REQUEST		request_18	1660235258447	1660235259168	OK	 
REQUEST		getVehiclesBuild	1660235257897	1660235259199	OK	 
REQUEST		getExtras	1660235258455	1660235259219	OK	 
REQUEST		request_2	1660235258446	1660235259224	OK	 
REQUEST		getBookingResultPage	1660235257874	1660235259229	OK	 
REQUEST		getLocations	1660235258453	1660235259230	OK	 
REQUEST		request_25	1660235258983	1660235259242	OK	 
REQUEST		request_21	1660235257892	1660235259269	OK	 
REQUEST		request_26	1660235259089	1660235259271	OK	 
REQUEST		marketo1	1660235257378	1660235259272	OK	 
REQUEST		request_17	1660235258446	1660235259285	OK	 
REQUEST		request_17	1660235257891	1660235259287	OK	 
REQUEST		getFullBookingRequest	1660235256372	1660235259306	OK	 
REQUEST		getBookingResultPage	1660235258375	1660235259320	OK	 
REQUEST		request_22	1660235258449	1660235259330	OK	 
REQUEST		request_28	1660235259168	1660235259360	OK	 
REQUEST		request_30	1660235259272	1660235259375	OK	 
USER	BookChecking	START	1660235259383
REQUEST		request_31	1660235259286	1660235259387	OK	 
REQUEST		request_5	1660235259335	1660235259421	OK	 
REQUEST		request_5	1660235259244	1660235259428	OK	 
REQUEST		request_29	1660235259242	1660235259458	OK	 
REQUEST		getFullBookingRequest	1660235257279	1660235259483	OK	 
REQUEST		marketo1	1660235255012	1660235259493	OK	 
REQUEST		request_17	1660235259234	1660235259520	OK	 
REQUEST		request_4	1660235259241	1660235259532	OK	 
REQUEST		request_7	1660235259242	1660235259537	OK	 
REQUEST		getBookingResultPage	1660235258882	1660235259541	OK	 
REQUEST		request_12	1660235259246	1660235259557	OK	 
REQUEST		request_6	1660235259242	1660235259561	OK	 
REQUEST		request_11	1660235259240	1660235259596	OK	 
REQUEST		request_22	1660235256791	1660235259598	OK	 
REQUEST		request_21	1660235259236	1660235259598	OK	 
REQUEST		request_19	1660235259235	1660235259616	OK	 
REQUEST		marketo2	1660235257890	1660235259616	OK	 
REQUEST		request_10	1660235259243	1660235259618	OK	 
REQUEST		request_22	1660235259237	1660235259622	OK	 
REQUEST		request_6	1660235259333	1660235259628	OK	 
REQUEST		request_7	1660235259333	1660235259632	OK	 
REQUEST		request_4 Redirect 1	1660235259532	1660235259645	OK	 
REQUEST		request_4	1660235259332	1660235259653	OK	 
REQUEST		request_12	1660235259337	1660235259656	OK	 
REQUEST		marketo2	1660235256785	1660235259661	OK	 
REQUEST		request_5	1660235259561	1660235259663	OK	 
REQUEST		request_22	1660235259329	1660235259663	OK	 
REQUEST		getFullBookingRequest	1660235257392	1660235259670	OK	 
REQUEST		request_10	1660235259334	1660235259692	OK	 
REQUEST		request_11	1660235259331	1660235259722	OK	 
REQUEST		request_25	1660235259616	1660235259735	OK	 
REQUEST		request_20	1660235259328	1660235259740	OK	 
REQUEST		request_27	1660235259129	1660235259746	OK	 
REQUEST		request_1	1660235259239	1660235259751	OK	 
REQUEST		request_4 Redirect 1	1660235259653	1660235259767	OK	 
REQUEST		request_1	1660235259331	1660235259785	OK	 
REQUEST		request_17	1660235259326	1660235259788	OK	 
REQUEST		request_26	1660235259623	1660235259802	OK	 
REQUEST		request_24	1660235259599	1660235259831	OK	 
REQUEST		request_4	1660235259556	1660235259855	OK	 
REQUEST		request_12	1660235259564	1660235259868	OK	 
REQUEST		request_6	1660235259558	1660235259870	OK	 
REQUEST		request_21	1660235259552	1660235259872	OK	 
REQUEST		request_19	1660235259328	1660235259880	OK	 
USER	BookChecking	START	1660235259884
REQUEST		request_7	1660235259558	1660235259892	OK	 
REQUEST		request_18	1660235259235	1660235259901	OK	 
REQUEST		request_21	1660235259329	1660235259906	OK	 
REQUEST		request_10	1660235259559	1660235259938	OK	 
REQUEST		request_11	1660235259554	1660235259939	OK	 
REQUEST		request_24	1660235259741	1660235259941	OK	 
REQUEST		request_27	1660235259735	1660235259945	OK	 
REQUEST		request_29	1660235259832	1660235259948	OK	 
REQUEST		marketo1	1660235257889	1660235259956	OK	 
REQUEST		request_19	1660235259551	1660235259968	OK	 
REQUEST		request_4 Redirect 1	1660235259855	1660235259971	OK	 
REQUEST		request_23	1660235259664	1660235259973	OK	 
REQUEST		request_25	1660235259789	1660235259976	OK	 
REQUEST		request_23	1660235259521	1660235259983	OK	 
REQUEST		getLocations	1660235259244	1660235260046	OK	 
REQUEST		request_1	1660235259553	1660235260071	OK	 
REQUEST		request_28	1660235259942	1660235260075	OK	 
REQUEST		marketo1	1660235254048	1660235260088	OK	 
REQUEST		request_26	1660235259881	1660235260089	OK	 
REQUEST		request_16	1660235259238	1660235260097	OK	 
REQUEST		request_27	1660235259907	1660235260106	OK	 
REQUEST		getVehiclesBuild	1660235259245	1660235260107	OK	 
REQUEST		request_18	1660235259551	1660235260107	OK	 
REQUEST		getExtras	1660235259336	1660235260121	OK	 
REQUEST		request_2	1660235259233	1660235260129	OK	 
REQUEST		request_2	1660235259326	1660235260137	OK	 
REQUEST		request_30	1660235259902	1660235260141	OK	 
REQUEST		getFullBookingRequest	1660235257897	1660235260148	OK	 
REQUEST		request_30	1660235259977	1660235260172	OK	 
REQUEST		request_16	1660235259330	1660235260183	OK	 
REQUEST		getExtras	1660235259245	1660235260194	OK	 
REQUEST		request_29	1660235259974	1660235260198	OK	 
REQUEST		getVehiclesBuild	1660235258454	1660235260237	OK	 
REQUEST		request_25	1660235260107	1660235260238	OK	 
REQUEST		getLocations	1660235259334	1660235260285	OK	 
REQUEST		getVehiclesBuild	1660235259562	1660235260320	OK	 
REQUEST		request_28	1660235259803	1660235260337	OK	 
REQUEST		getLocations	1660235259560	1660235260345	OK	 
REQUEST		request_22	1660235259552	1660235260347	OK	 
REQUEST		getBookingResultPage	1660235259382	1660235260352	OK	 
REQUEST		request_31	1660235260076	1660235260385	OK	 
USER	BookChecking	START	1660235260387
REQUEST		request_16	1660235259552	1660235260434	OK	 
REQUEST		request_2	1660235259549	1660235260443	OK	 
REQUEST		request_5	1660235260381	1660235260477	OK	 
REQUEST		request_20	1660235259236	1660235260570	OK	 
REQUEST		request_24	1660235259969	1660235260570	OK	 
REQUEST		request_31	1660235259946	1660235260591	OK	 
REQUEST		getFullBookingRequest	1660235258453	1660235260634	OK	 
REQUEST		request_12	1660235260383	1660235260684	OK	 
REQUEST		request_7	1660235260379	1660235260689	OK	 
REQUEST		request_4	1660235260376	1660235260690	OK	 
REQUEST		request_6	1660235260377	1660235260693	OK	 
REQUEST		request_22	1660235260373	1660235260696	OK	 
REQUEST		request_20	1660235260369	1660235260715	OK	 
REQUEST		request_10	1660235260379	1660235260763	OK	 
REQUEST		request_11	1660235260375	1660235260765	OK	 
REQUEST		request_28	1660235260571	1660235260790	OK	 
REQUEST		getBookingResultPage	1660235259883	1660235260799	OK	 
REQUEST		request_4 Redirect 1	1660235260690	1660235260808	OK	 
REQUEST		request_1	1660235260375	1660235260839	OK	 
REQUEST		request_18	1660235260367	1660235260842	OK	 
REQUEST		request_23	1660235260697	1660235260857	OK	 
USER	BookChecking	START	1660235260882
REQUEST		request_24	1660235260716	1660235260887	OK	 
REQUEST		request_19	1660235260368	1660235260888	OK	 
REQUEST		request_5	1660235260809	1660235260900	OK	 
REQUEST		request_16	1660235258449	1660235260949	OK	 
REQUEST		request_17	1660235260366	1660235261002	OK	 
REQUEST		request_26	1660235260239	1660235261010	OK	 
REQUEST		request_26	1660235260858	1660235261036	OK	 
REQUEST		request_23	1660235259873	1660235261062	OK	 
REQUEST		request_27	1660235260887	1660235261069	OK	 
REQUEST		request_28	1660235260888	1660235261077	OK	 
REQUEST		request_25	1660235260842	1660235261083	OK	 
REQUEST		marketo2	1660235255039	1660235261084	OK	 
REQUEST		request_20	1660235259551	1660235261093	OK	 
REQUEST		request_6	1660235260806	1660235261094	OK	 
REQUEST		request_12	1660235260810	1660235261096	OK	 
REQUEST		request_4	1660235260806	1660235261097	OK	 
REQUEST		request_20	1660235260804	1660235261125	OK	 
REQUEST		request_30	1660235261010	1660235261125	OK	 
REQUEST		request_7	1660235260807	1660235261138	OK	 
REQUEST		request_21	1660235260804	1660235261151	OK	 
REQUEST		request_11	1660235260806	1660235261160	OK	 
REQUEST		request_22	1660235260805	1660235261164	OK	 
REQUEST		request_29	1660235261002	1660235261172	OK	 
REQUEST		request_10	1660235260807	1660235261177	OK	 
REQUEST		request_19	1660235260803	1660235261177	OK	 
REQUEST		getLocations	1660235260380	1660235261200	OK	 
REQUEST		request_4 Redirect 1	1660235261097	1660235261216	OK	 
REQUEST		request_21	1660235260371	1660235261235	OK	 
REQUEST		request_31	1660235261070	1660235261242	OK	 
REQUEST		request_16	1660235260374	1660235261250	OK	 
REQUEST		request_17	1660235260803	1660235261256	OK	 
REQUEST		request_30	1660235261037	1660235261270	OK	 
REQUEST		getVehiclesBuild	1660235260382	1660235261285	OK	 
REQUEST		request_23	1660235261125	1660235261297	OK	 
REQUEST		request_18	1660235260803	1660235261304	OK	 
REQUEST		getExtras	1660235259562	1660235261317	OK	 
REQUEST		request_24	1660235261151	1660235261321	OK	 
REQUEST		request_1	1660235260805	1660235261330	OK	 
REQUEST		request_31	1660235261062	1660235261356	OK	 
REQUEST		request_25	1660235261164	1660235261357	OK	 
REQUEST		request_26	1660235261177	1660235261359	OK	 
USER	BookChecking	START	1660235261376
REQUEST		getBookingResultPage	1660235260881	1660235261378	OK	 
REQUEST		marketo1	1660235259324	1660235261410	OK	 
REQUEST		marketo1	1660235256342	1660235261445	OK	 
REQUEST		marketo1	1660235260363	1660235261451	OK	 
REQUEST		request_28	1660235261297	1660235261453	OK	 
REQUEST		request_27	1660235261256	1660235261481	OK	 
REQUEST		request_5	1660235261390	1660235261486	OK	 
REQUEST		request_29	1660235260790	1660235261489	OK	 
REQUEST		request_16	1660235260805	1660235261490	OK	 
REQUEST		request_30	1660235261322	1660235261492	OK	 
REQUEST		getFullBookingRequest	1660235259561	1660235261538	OK	 
REQUEST		getVehiclesBuild	1660235259336	1660235261555	OK	 
REQUEST		request_2	1660235260802	1660235261597	OK	 
REQUEST		getLocations	1660235260808	1660235261600	OK	 
REQUEST		request_31	1660235261357	1660235261607	OK	 
REQUEST		marketo2	1660235254402	1660235261636	OK	 
REQUEST		getVehiclesBuild	1660235260810	1660235261651	OK	 
REQUEST		request_27	1660235260348	1660235261660	OK	 
REQUEST		request_2	1660235260365	1660235261677	OK	 
REQUEST		request_6	1660235261387	1660235261679	OK	 
REQUEST		getFullBookingRequest	1660235259335	1660235261691	OK	 
REQUEST		request_7	1660235261388	1660235261700	OK	 
REQUEST		request_4	1660235261387	1660235261703	OK	 
REQUEST		request_12	1660235261392	1660235261711	OK	 
REQUEST		request_18	1660235261382	1660235261715	OK	 
REQUEST		marketo1	1660235259548	1660235261719	OK	 
REQUEST		request_11	1660235261386	1660235261741	OK	 
REQUEST		request_21	1660235261384	1660235261747	OK	 
REQUEST		request_10	1660235261389	1660235261750	OK	 
REQUEST		request_20	1660235261384	1660235261790	OK	 
REQUEST		request_19	1660235261383	1660235261795	OK	 
REQUEST		getBookingResultPage	1660235260384	1660235261816	OK	 
REQUEST		request_4 Redirect 1	1660235261703	1660235261820	OK	 
REQUEST		getExtras	1660235260810	1660235261847	OK	 
REQUEST		request_1	1660235261385	1660235261871	OK	 
USER	BookChecking	START	1660235261872
REQUEST		request_24	1660235261748	1660235261915	OK	 
REQUEST		request_5	1660235261834	1660235261917	OK	 
REQUEST		request_29	1660235261304	1660235261956	OK	 
REQUEST		getExtras	1660235260382	1660235261975	OK	 
REQUEST		marketo2	1660235260802	1660235262002	OK	 
REQUEST		getBookingResultPage	1660235261376	1660235262003	OK	 
REQUEST		request_26	1660235261796	1660235262035	OK	 
REQUEST		request_25	1660235261790	1660235262064	OK	 
REQUEST		request_27	1660235261916	1660235262107	OK	 
REQUEST		getFullBookingRequest	1660235259244	1660235262115	OK	 
REQUEST		request_5	1660235262029	1660235262120	OK	 
REQUEST		request_17	1660235261822	1660235262129	OK	 
REQUEST		getLocations	1660235261389	1660235262135	OK	 
REQUEST		request_4	1660235261830	1660235262144	OK	 
REQUEST		request_7	1660235261832	1660235262156	OK	 
REQUEST		request_6	1660235261831	1660235262162	OK	 
REQUEST		request_12	1660235261838	1660235262175	OK	 
REQUEST		request_17	1660235261382	1660235262189	OK	 
REQUEST		request_10	1660235261832	1660235262208	OK	 
REQUEST		request_30	1660235262108	1660235262209	OK	 
REQUEST		request_22	1660235261827	1660235262212	OK	 
REQUEST		request_11	1660235261829	1660235262218	OK	 
REQUEST		getExtras	1660235261391	1660235262218	OK	 
REQUEST		request_16	1660235261385	1660235262238	OK	 
REQUEST		request_18	1660235261823	1660235262240	OK	 
REQUEST		request_23	1660235261716	1660235262255	OK	 
REQUEST		request_28	1660235262036	1660235262257	OK	 
REQUEST		request_4 Redirect 1	1660235262145	1660235262257	OK	 
REQUEST		request_29	1660235262065	1660235262271	OK	 
REQUEST		getVehiclesBuild	1660235261390	1660235262282	OK	 
REQUEST		request_21	1660235261826	1660235262315	OK	 
REQUEST		request_1	1660235261828	1660235262342	OK	 
REQUEST		request_20	1660235261825	1660235262342	OK	 
REQUEST		request_6	1660235262022	1660235262348	OK	 
REQUEST		request_12	1660235262030	1660235262349	OK	 
REQUEST		request_4	1660235262021	1660235262350	OK	 
REQUEST		request_22	1660235262016	1660235262351	OK	 
REQUEST		request_7	1660235262023	1660235262352	OK	 
REQUEST		request_23	1660235262130	1660235262364	OK	 
REQUEST		request_17	1660235262012	1660235262378	OK	 
REQUEST		request_17	1660235259550	1660235262391	OK	 
REQUEST		request_10	1660235262025	1660235262391	OK	 
REQUEST		request_19	1660235262014	1660235262398	OK	 
REQUEST		request_18	1660235262013	1660235262406	OK	 
REQUEST		request_11	1660235262019	1660235262420	OK	 
REQUEST		request_31	1660235262189	1660235262456	OK	 
REQUEST		request_23	1660235262351	1660235262456	OK	 
REQUEST		request_24	1660235262212	1660235262468	OK	 
REQUEST		request_4 Redirect 1	1660235262350	1660235262470	OK	 
REQUEST		request_20	1660235262015	1660235262478	OK	 
REQUEST		request_28	1660235262364	1660235262482	OK	 
REQUEST		request_26	1660235262316	1660235262510	OK	 
REQUEST		request_1	1660235262018	1660235262524	OK	 
REQUEST		request_19	1660235261824	1660235262526	OK	 
REQUEST		getFullBookingRequest	1660235260381	1660235262534	OK	 
REQUEST		request_24	1660235262378	1660235262540	OK	 
REQUEST		request_27	1660235262342	1660235262562	OK	 
REQUEST		request_16	1660235261827	1660235262565	OK	 
REQUEST		request_25	1660235262398	1660235262593	OK	 
REQUEST		marketo2	1660235260364	1660235262614	OK	 
REQUEST		request_26	1660235262407	1660235262621	OK	 
REQUEST		request_25	1660235262241	1660235262627	OK	 
REQUEST		request_28	1660235262478	1660235262650	OK	 
REQUEST		marketo2	1660235257268	1660235262662	OK	 
REQUEST		getLocations	1660235261833	1660235262665	OK	 
REQUEST		request_29	1660235262468	1660235262673	OK	 
REQUEST		request_31	1660235262511	1660235262689	OK	 
REQUEST		getExtras	1660235261837	1660235262707	OK	 
REQUEST		getVehiclesBuild	1660235261835	1660235262712	OK	 
REQUEST		request_2	1660235261821	1660235262722	OK	 
REQUEST		request_29	1660235262540	1660235262723	OK	 
REQUEST		request_16	1660235262017	1660235262732	OK	 
REQUEST		request_27	1660235262457	1660235262748	OK	 
REQUEST		marketo1	1660235261819	1660235262748	OK	 
REQUEST		getBookingResultPage	1660235261871	1660235262796	OK	 
REQUEST		marketo1	1660235258445	1660235262805	OK	 
REQUEST		request_2	1660235261381	1660235262807	OK	 
REQUEST		request_22	1660235261385	1660235262807	OK	 
REQUEST		request_31	1660235262621	1660235262819	OK	 
REQUEST		request_30	1660235262483	1660235262843	OK	 
REQUEST		getVehiclesBuild	1660235262029	1660235262858	OK	 
REQUEST		request_5	1660235262807	1660235262896	OK	 
REQUEST		request_2	1660235262011	1660235262917	OK	 
REQUEST		getExtras	1660235262030	1660235262931	OK	 
REQUEST		request_12	1660235262808	1660235263086	OK	 
REQUEST		request_4	1660235262803	1660235263097	OK	 
REQUEST		request_6	1660235262804	1660235263103	OK	 
REQUEST		request_7	1660235262805	1660235263116	OK	 
REQUEST		request_17	1660235262798	1660235263149	OK	 
REQUEST		request_20	1660235262799	1660235263149	OK	 
REQUEST		request_10	1660235262805	1660235263167	OK	 
REQUEST		request_11	1660235262802	1660235263180	OK	 
REQUEST		request_19	1660235262799	1660235263182	OK	 
REQUEST		request_22	1660235262800	1660235263200	OK	 
REQUEST		request_30	1660235262594	1660235263204	OK	 
REQUEST		marketo2	1660235259549	1660235263209	OK	 
REQUEST		request_4 Redirect 1	1660235263097	1660235263209	OK	 
REQUEST		request_18	1660235262799	1660235263234	OK	 
REQUEST		request_24	1660235263149	1660235263251	OK	 
REQUEST		request_1	1660235262802	1660235263290	OK	 
REQUEST		request_18	1660235259327	1660235263313	OK	 
REQUEST		request_23	1660235263149	1660235263333	OK	 
REQUEST		request_27	1660235263235	1660235263410	OK	 
REQUEST		request_25	1660235263183	1660235263434	OK	 
REQUEST		request_26	1660235263200	1660235263440	OK	 
REQUEST		getFullBookingRequest	1660235260809	1660235263461	OK	 
REQUEST		marketo1	1660235261380	1660235263481	OK	 
REQUEST		request_16	1660235262801	1660235263483	OK	 
REQUEST		request_29	1660235263333	1660235263498	OK	 
REQUEST		marketo1	1660235256784	1660235263494	KO	j.n.c.ClosedChannelException
REQUEST		request_30	1660235263410	1660235263502	OK	 
REQUEST		request_28	1660235263251	1660235263504	OK	 
REQUEST		request_31	1660235263435	1660235263531	OK	 
REQUEST		getLocations	1660235262026	1660235263542	OK	 
REQUEST		request_21	1660235262800	1660235263578	OK	 
REQUEST		getVehiclesBuild	1660235262807	1660235263622	OK	 
REQUEST		getExtras	1660235262808	1660235263623	OK	 
REQUEST		request_2	1660235262798	1660235263635	OK	 
REQUEST		request_21	1660235262016	1660235263709	OK	 
REQUEST		getFullBookingRequest	1660235261389	1660235263890	OK	 
REQUEST		marketo2	1660235262798	1660235263909	OK	 
REQUEST		getFullBookingRequest	1660235261833	1660235263970	OK	 
REQUEST		marketo2	1660235261820	1660235264064	OK	 
REQUEST		getLocations	1660235262806	1660235264320	OK	 
REQUEST		getFullBookingRequest	1660235262027	1660235264789	OK	 
REQUEST		getFullBookingRequest	1660235262806	1660235264978	OK	 
REQUEST		marketo2	1660235261381	1660235266673	OK	 
REQUEST		marketo1	1660235262008	1660235267241	OK	 
REQUEST		marketo2	1660235256345	1660235267773	KO	i.n.h.s.SslHandshakeTimeoutException: handshake timed out after 10000ms
REQUEST		marketo1	1660235262797	1660235271096	OK	 
REQUEST		marketo1	1660235260801	1660235271287	OK	 
REQUEST		marketo2	1660235259325	1660235271541	OK	 
REQUEST		marketo2	1660235262010	1660235273421	KO	i.n.h.s.SslHandshakeTimeoutException: handshake timed out after 10000ms
REQUEST		getBookingDetails 0	1660235272736	1660235273609	OK	 
REQUEST		getBookingDetails 0	1660235273095	1660235273941	OK	 
REQUEST		marketo1	1660235257267	1660235274680	KO	i.n.h.s.SslHandshakeTimeoutException: handshake timed out after 10000ms
REQUEST		getBookingDetails 0	1660235273159	1660235274681	OK	 
REQUEST		marketo1	1660235259232	1660235274910	KO	j.i.IOException: Premature close
REQUEST		getBookingDetails 0	1660235274096	1660235274947	OK	 
REQUEST		getBookingDetails 0	1660235274651	1660235275540	OK	 
REQUEST		marketo2	1660235255013	1660235276175	OK	 
REQUEST		getBookingDetails 0	1660235275626	1660235276453	OK	 
REQUEST		getBookingDetails 0	1660235276221	1660235277060	OK	 
REQUEST		marketo2	1660235258445	1660235277330	KO	j.i.IOException: Premature close
REQUEST		getBookingDetails 0	1660235276516	1660235277343	OK	 
REQUEST		getBookingDetails 0	1660235277079	1660235277947	OK	 
REQUEST		getBookingDetails 1	1660235278624	1660235279447	KO	status.find.is(200), but actually found 304
REQUEST		getBookingDetails 1	1660235278953	1660235279773	OK	 
REQUEST		getBookingDetails 0	1660235279688	1660235280507	OK	 
REQUEST		getBookingDetails 1	1660235279689	1660235280597	KO	status.find.is(200), but actually found 304
REQUEST		getBookingDetails 1	1660235279957	1660235280787	OK	 
REQUEST		marketo2	1660235259232	1660235281114	OK	 
REQUEST		getBookingDetails 1	1660235280555	1660235281371	OK	 
REQUEST		getBookingDetails 0	1660235280788	1660235281796	OK	 
REQUEST		getBookingDetails 1	1660235281460	1660235282549	OK	 
REQUEST		getBookingDetails 1	1660235282078	1660235282909	OK	 
REQUEST		getBookingDetails 1	1660235282964	1660235283795	OK	 
REQUEST		getBookingDetails 1	1660235282361	1660235284140	OK	 
REQUEST		getBookingDetails 0	1660235284106	1660235284922	OK	 
REQUEST		getBookingDetails 0	1660235284294	1660235285133	OK	 
REQUEST		getBookingDetails 2	1660235284464	1660235285287	OK	 
REQUEST		getBookingDetails 0	1660235284560	1660235285384	OK	 
REQUEST		getBookingDetails 2	1660235284795	1660235285597	OK	 
REQUEST		getBookingDetails 1	1660235285512	1660235286339	OK	 
REQUEST		getBookingDetails 2	1660235285611	1660235286449	OK	 
REQUEST		getBookingDetails 2	1660235285803	1660235286624	KO	status.find.is(200), but actually found 304
REQUEST		getBookingDetails 2	1660235286388	1660235287196	KO	status.find.is(200), but actually found 304
REQUEST		getBookingDetails 0	1660235286435	1660235287238	OK	 
REQUEST		getBookingDetails 1	1660235286812	1660235287647	OK	 
REQUEST		getBookingDetails 0	1660235287697	1660235288525	OK	 
REQUEST		getBookingDetails 2	1660235287559	1660235288598	OK	 
REQUEST		getBookingDetails 2	1660235287926	1660235288746	KO	status.find.is(200), but actually found 304
REQUEST		getBookingDetails 2	1660235288811	1660235289656	KO	status.find.is(200), but actually found 304
REQUEST		getBookingDetails 0	1660235289186	1660235290027	OK	 
REQUEST		getBookingDetails 2	1660235289155	1660235290178	OK	 
USER	BookChecking	END	1660235290319
USER	BookChecking	END	1660235290626
REQUEST		getBookingDetails 1	1660235289937	1660235290767	OK	 
REQUEST		getBookingDetails 1	1660235290141	1660235290984	OK	 
REQUEST		getBookingDetails 0	1660235290339	1660235291157	OK	 
REQUEST		getBookingDetails 1	1660235290387	1660235291206	OK	 
USER	BookChecking	END	1660235291482
USER	BookChecking	END	1660235291642
REQUEST		getBookingDetails 2	1660235291357	1660235292162	KO	status.find.is(200), but actually found 304
USER	BookChecking	END	1660235292223
REQUEST		getBookingDetails 1	1660235292247	1660235293085	OK	 
USER	BookChecking	END	1660235293630
REQUEST		getBookingDetails 2	1660235292657	1660235293661	OK	 
USER	BookChecking	END	1660235293756
REQUEST		getBookingDetails 1	1660235293530	1660235294322	OK	 
USER	BookChecking	END	1660235294677
REQUEST		getBookingDetails 0	1660235294125	1660235294930	OK	 
USER	BookChecking	END	1660235295200
REQUEST		getBookingDetails 1	1660235295032	1660235295852	OK	 
REQUEST		getBookingDetails 2	1660235295782	1660235296609	KO	status.find.is(200), but actually found 304
REQUEST		getBookingDetails 2	1660235296001	1660235296824	KO	status.find.is(200), but actually found 304
REQUEST		getBookingDetails 1	1660235296172	1660235297008	OK	 
REQUEST		getBookingDetails 2	1660235296218	1660235297054	KO	status.find.is(200), but actually found 304
USER	BookChecking	END	1660235297187
USER	BookChecking	END	1660235298680
REQUEST		getBookingDetails 2	1660235298105	1660235298924	KO	status.find.is(200), but actually found 304
REQUEST		getBookingDetails 2	1660235299341	1660235300146	OK	 
REQUEST		getBookingDetails 1	1660235299935	1660235300758	OK	 
USER	BookChecking	END	1660235301618
REQUEST		getBookingDetails 2	1660235300871	1660235301687	OK	 
USER	BookChecking	END	1660235301842
USER	BookChecking	END	1660235302075
REQUEST		getBookingDetails 2	1660235302019	1660235302845	KO	status.find.is(200), but actually found 304
USER	BookChecking	END	1660235303948
USER	BookChecking	END	1660235305167
REQUEST		getBookingDetails 2	1660235305763	1660235306565	KO	status.find.is(200), but actually found 304
USER	BookChecking	END	1660235306713
USER	BookChecking	END	1660235307882
USER	BookChecking	END	1660235311596
REQUEST		marketo2	1660235254368	1660235314373	KO	i.g.h.c.i.RequestTimeoutException: Request timeout to app-sn03.marketo.com/104.16.96.80:443 after 60000 ms
REQUEST		getBookingDetails 0	1660235327381	1660235328732	OK	 
REQUEST		getBookingDetails 1	1660235333745	1660235336658	OK	 
REQUEST		getBookingDetails 2	1660235341672	1660235342501	KO	status.find.is(200), but actually found 304
USER	BookChecking	END	1660235347517
